<?xml version="1.0" encoding="UTF-8"?>
<!-- Generated by org.testng.reporters.JUnitReportReporter -->
<testsuite hostname="LAPTOP-1ATVOVSF" failures="0" tests="1" name="testcases.Home_Page_Test" time="20.299" errors="0" timestamp="2021-07-21T18:24:20 IST" skipped="0">
  <testcase classname="testcases.Home_Page_Test" name="HomeTest" time="20.299"/>
  <system-out/>
</testsuite> <!-- testcases.Home_Page_Test -->
