<?xml version="1.0" encoding="UTF-8"?>
<!-- Generated by org.testng.reporters.JUnitReportReporter -->
<testsuite hostname="LAPTOP-1ATVOVSF" failures="0" tests="1" name="testcases.Seat_Page_Test" time="59.910" errors="0" timestamp="2021-07-12T17:31:15 IST" skipped="0">
  <testcase classname="testcases.Seat_Page_Test" name="seatTest" time="59.910"/>
  <system-out/>
</testsuite> <!-- testcases.Seat_Page_Test -->
