<?xml version="1.0" encoding="UTF-8"?>
<!-- Generated by org.testng.reporters.JUnitReportReporter -->
<testsuite hostname="LAPTOP-1ATVOVSF" failures="0" tests="1" name="testcases.Passenger_Details_Test" time="44.458" errors="0" timestamp="2021-07-12T14:50:15 IST" skipped="0">
  <testcase classname="testcases.Passenger_Details_Test" name="passengerPageTest" time="44.458"/>
  <system-out/>
</testsuite> <!-- testcases.Passenger_Details_Test -->
